<?xml version="1.0" encoding="UTF-8" ?>
<testsuite failures="0" time="0.416" errors="0" skipped="0" tests="5" name="com.bionic.iakovenko.department.dao.mysql.MySQLWorkerDAOTest">
  <properties>
    <property name="java.runtime.name" value="Java(TM) SE Runtime Environment"/>
    <property name="sun.boot.library.path" value="/usr/lib/jvm/jdk1.7.0_40/jre/lib/amd64"/>
    <property name="java.vm.version" value="24.0-b56"/>
    <property name="java.vm.vendor" value="Oracle Corporation"/>
    <property name="java.vendor.url" value="http://java.oracle.com/"/>
    <property name="path.separator" value=":"/>
    <property name="java.vm.name" value="Java HotSpot(TM) 64-Bit Server VM"/>
    <property name="file.encoding.pkg" value="sun.io"/>
    <property name="user.country" value="US"/>
    <property name="sun.java.launcher" value="SUN_STANDARD"/>
    <property name="sun.os.patch.level" value="unknown"/>
    <property name="java.vm.specification.name" value="Java Virtual Machine Specification"/>
    <property name="user.dir" value="/home/alex/Dropbox/Bionic/web/department"/>
    <property name="java.runtime.version" value="1.7.0_40-b43"/>
    <property name="java.awt.graphicsenv" value="sun.awt.X11GraphicsEnvironment"/>
    <property name="basedir" value="/home/alex/Dropbox/Bionic/web/department"/>
    <property name="java.endorsed.dirs" value="/usr/lib/jvm/jdk1.7.0_40/jre/lib/endorsed"/>
    <property name="os.arch" value="amd64"/>
    <property name="surefire.real.class.path" value="/tmp/surefirebooter9057650851005411547.jar"/>
    <property name="java.io.tmpdir" value="/tmp"/>
    <property name="line.separator" value="
"/>
    <property name="java.vm.specification.vendor" value="Oracle Corporation"/>
    <property name="os.name" value="Linux"/>
    <property name="sun.jnu.encoding" value="UTF-8"/>
    <property name="java.library.path" value="/home/alex/idea-IC-135.475/bin::/usr/java/packages/lib/amd64:/usr/lib64:/lib64:/lib:/usr/lib"/>
    <property name="surefire.test.class.path" value="/home/alex/Dropbox/Bionic/web/department/target/test-classes:/home/alex/Dropbox/Bionic/web/department/target/classes:/home/alex/.m2/repository/junit/junit/4.11/junit-4.11.jar:/home/alex/.m2/repository/org/hamcrest/hamcrest-core/1.3/hamcrest-core-1.3.jar:/home/alex/.m2/repository/log4j/log4j/1.2.17/log4j-1.2.17.jar:/home/alex/.m2/repository/mysql/mysql-connector-java/5.1.29/mysql-connector-java-5.1.29.jar:/home/alex/.m2/repository/com/mchange/c3p0/0.9.5-pre7/c3p0-0.9.5-pre7.jar:/home/alex/.m2/repository/com/mchange/mchange-commons-java/0.2.6.5/mchange-commons-java-0.2.6.5.jar:"/>
    <property name="java.specification.name" value="Java Platform API Specification"/>
    <property name="java.class.version" value="51.0"/>
    <property name="sun.management.compiler" value="HotSpot 64-Bit Tiered Compilers"/>
    <property name="os.version" value="3.2.0-4-amd64"/>
    <property name="user.home" value="/home/alex"/>
    <property name="user.timezone" value="Europe/Kiev"/>
    <property name="java.awt.printerjob" value="sun.print.PSPrinterJob"/>
    <property name="file.encoding" value="UTF-8"/>
    <property name="java.specification.version" value="1.7"/>
    <property name="user.name" value="alex"/>
    <property name="java.class.path" value="/home/alex/Dropbox/Bionic/web/department/target/test-classes:/home/alex/Dropbox/Bionic/web/department/target/classes:/home/alex/.m2/repository/junit/junit/4.11/junit-4.11.jar:/home/alex/.m2/repository/org/hamcrest/hamcrest-core/1.3/hamcrest-core-1.3.jar:/home/alex/.m2/repository/log4j/log4j/1.2.17/log4j-1.2.17.jar:/home/alex/.m2/repository/mysql/mysql-connector-java/5.1.29/mysql-connector-java-5.1.29.jar:/home/alex/.m2/repository/com/mchange/c3p0/0.9.5-pre7/c3p0-0.9.5-pre7.jar:/home/alex/.m2/repository/com/mchange/mchange-commons-java/0.2.6.5/mchange-commons-java-0.2.6.5.jar:"/>
    <property name="java.vm.specification.version" value="1.7"/>
    <property name="sun.arch.data.model" value="64"/>
    <property name="java.home" value="/usr/lib/jvm/jdk1.7.0_40/jre"/>
    <property name="sun.java.command" value="/tmp/surefirebooter9057650851005411547.jar /tmp/surefire114087640234767489tmp /tmp/surefire3387321651133305888tmp"/>
    <property name="java.specification.vendor" value="Oracle Corporation"/>
    <property name="user.language" value="en"/>
    <property name="awt.toolkit" value="sun.awt.X11.XToolkit"/>
    <property name="java.vm.info" value="mixed mode"/>
    <property name="java.version" value="1.7.0_40"/>
    <property name="java.ext.dirs" value="/usr/lib/jvm/jdk1.7.0_40/jre/lib/ext:/usr/java/packages/lib/ext"/>
    <property name="sun.boot.class.path" value="/usr/lib/jvm/jdk1.7.0_40/jre/lib/resources.jar:/usr/lib/jvm/jdk1.7.0_40/jre/lib/rt.jar:/usr/lib/jvm/jdk1.7.0_40/jre/lib/sunrsasign.jar:/usr/lib/jvm/jdk1.7.0_40/jre/lib/jsse.jar:/usr/lib/jvm/jdk1.7.0_40/jre/lib/jce.jar:/usr/lib/jvm/jdk1.7.0_40/jre/lib/charsets.jar:/usr/lib/jvm/jdk1.7.0_40/jre/lib/jfr.jar:/usr/lib/jvm/jdk1.7.0_40/jre/classes"/>
    <property name="java.vendor" value="Oracle Corporation"/>
    <property name="localRepository" value="/home/alex/.m2/repository"/>
    <property name="file.separator" value="/"/>
    <property name="java.vendor.url.bug" value="http://bugreport.sun.com/bugreport/"/>
    <property name="sun.cpu.endian" value="little"/>
    <property name="sun.io.unicode.encoding" value="UnicodeLittle"/>
    <property name="sun.cpu.isalist" value=""/>
  </properties>
  <testcase time="0.017" classname="com.bionic.iakovenko.department.dao.mysql.MySQLWorkerDAOTest" name="testFindWorkerByName"/>
  <testcase time="0.017" classname="com.bionic.iakovenko.department.dao.mysql.MySQLWorkerDAOTest" name="testFileAll"/>
  <testcase time="0.139" classname="com.bionic.iakovenko.department.dao.mysql.MySQLWorkerDAOTest" name="testDeleteWorker"/>
  <testcase time="0.017" classname="com.bionic.iakovenko.department.dao.mysql.MySQLWorkerDAOTest" name="testFindWorkerByID"/>
  <testcase time="0.207" classname="com.bionic.iakovenko.department.dao.mysql.MySQLWorkerDAOTest" name="testInsertWorker"/>
</testsuite>